<?xml version="1.0" encoding="UTF-8"?>
<testsuite xmlns:xsi="http://www.w3.org/2001/XMLSchema-instance" xsi:noNamespaceSchemaLocation="https://maven.apache.org/surefire/maven-surefire-plugin/xsd/surefire-test-report-3.0.xsd" version="3.0" name="com.caas.cei.EventInterceptorTest" time="0.028" tests="6" errors="0" skipped="0" failures="0">
  <properties>
[...]
</properties>
  <testcase name="testGetEvent" classname="com.caas.cei.EventInterceptorTest" time="0.003"/>
  <testcase name="testEventFilter" classname="com.caas.cei.EventInterceptorTest" time="0.001"/>
  <testcase name="testVerifyCompleteness" classname="com.caas.cei.EventInterceptorTest" time="0.003"/>
  <testcase name="testComplianceEventHash" classname="com.caas.cei.EventInterceptorTest" time="0.007"/>
  <testcase name="testInterceptEvent" classname="com.caas.cei.EventInterceptorTest" time="0.001"/>
  <testcase name="testHandlerRegistration" classname="com.caas.cei.EventInterceptorTest" time="0.001"/>
</testsuite>